aNewJKUApp/manifest-merger-release-report.txt
-- Merging decision tree log ---
manifest
ADDED from AndroidManifest.xml:2:1
	xmlns:android
		ADDED from AndroidManifest.xml:2:11
	package
		ADDED from AndroidManifest.xml:3:5
		INJECTED from AndroidManifest.xml:0:0
		INJECTED from AndroidManifest.xml:0:0
	android:versionName
		INJECTED from AndroidManifest.xml:0:0
		INJECTED from AndroidManifest.xml:0:0
	android:versionCode
		INJECTED from AndroidManifest.xml:0:0
		INJECTED from AndroidManifest.xml:0:0
supports-screens
ADDED from AndroidManifest.xml:5:5
	android:largeScreens
		ADDED from AndroidManifest.xml:7:9
	android:anyDensity
		ADDED from AndroidManifest.xml:6:9
	android:normalScreens
		ADDED from AndroidManifest.xml:8:9
	android:smallScreens
		ADDED from AndroidManifest.xml:9:9
uses-permission#android.permission.INTERNET
ADDED from AndroidManifest.xml:11:5
	android:name
		ADDED from AndroidManifest.xml:11:22
uses-permission#android.permission.READ_SYNC_SETTINGS
ADDED from AndroidManifest.xml:12:5
	android:name
		ADDED from AndroidManifest.xml:12:22
uses-permission#android.permission.WRITE_SYNC_SETTINGS
ADDED from AndroidManifest.xml:13:5
	android:name
		ADDED from AndroidManifest.xml:13:22
uses-permission#android.permission.READ_SYNC_STATS
ADDED from AndroidManifest.xml:14:5
	android:name
		ADDED from AndroidManifest.xml:14:22
uses-permission#android.permission.AUTHENTICATE_ACCOUNTS
ADDED from AndroidManifest.xml:15:5
	android:name
		ADDED from AndroidManifest.xml:15:22
uses-permission#android.permission.READ_CALENDAR
ADDED from AndroidManifest.xml:16:5
	android:name
		ADDED from AndroidManifest.xml:16:22
uses-permission#android.permission.WRITE_CALENDAR
ADDED from AndroidManifest.xml:17:5
	android:name
		ADDED from AndroidManifest.xml:17:22
uses-permission#android.permission.MANAGE_ACCOUNTS
ADDED from AndroidManifest.xml:18:5
	android:name
		ADDED from AndroidManifest.xml:18:22
uses-permission#android.permission.GET_ACCOUNTS
ADDED from AndroidManifest.xml:19:5
	android:name
		ADDED from AndroidManifest.xml:19:22
uses-permission#android.permission.USE_CREDENTIALS
ADDED from AndroidManifest.xml:20:5
	android:name
		ADDED from AndroidManifest.xml:20:22
uses-permission#android.permission.ACCESS_FINE_LOCATION
ADDED from AndroidManifest.xml:21:5
	android:name
		ADDED from AndroidManifest.xml:21:22
uses-permission#android.permission.READ_EXTERNAL_STORAGE
ADDED from AndroidManifest.xml:22:5
	android:name
		ADDED from AndroidManifest.xml:22:22
uses-permission#android.permission.ACCESS_NETWORK_STATE
ADDED from AndroidManifest.xml:23:5
	android:name
		ADDED from AndroidManifest.xml:23:22
application
ADDED from AndroidManifest.xml:25:5
MERGED from de.cketti.library.changelog:ckchangelog:1.2.1:10:5
MERGED from com.android.support:support-v4:21.0.2:16:5
MERGED from com.android.support:appcompat-v7:21.0.2:16:5
MERGED from com.android.support:support-v4:21.0.2:16:5
MERGED from com.android.support:gridlayout-v7:21.0.2:16:5
MERGED from com.android.support:support-v4:21.0.2:16:5
MERGED from com.google.android.gms:play-services:6.5.87:20:5
MERGED from com.android.support:support-v4:21.0.2:16:5
MERGED from com.mikepenz.aboutlibraries:library:4.4.0:11:5
MERGED from com.android.support:cardview-v7:21.0.2:16:5
MERGED from com.android.support:recyclerview-v7:21.0.0:17:5
MERGED from com.android.support:support-v4:21.0.2:16:5
MERGED from com.android.support:support-v4:21.0.2:16:5
MERGED from com.android.support:appcompat-v7:21.0.2:16:5
MERGED from com.android.support:support-v4:21.0.2:16:5
MERGED from com.android.support:cardview-v7:21.0.2:16:5
MERGED from anewjkuapp:voidsinkContributors:unspecified:11:5
MERGED from com.android.support:android-support-v4-preferencefragment:1.0.0:24:5
MERGED from com.android.support:support-v4:21.0.2:16:5
	android:label
		ADDED from AndroidManifest.xml:29:9
	android:allowBackup
		ADDED from AndroidManifest.xml:27:9
	android:icon
		ADDED from AndroidManifest.xml:28:9
	android:theme
		ADDED from AndroidManifest.xml:30:9
	android:name
		ADDED from AndroidManifest.xml:26:9
meta-data#com.google.android.gms.version
ADDED from AndroidManifest.xml:32:9
MERGED from com.google.android.gms:play-services:6.5.87:21:9
	android:name
		ADDED from AndroidManifest.xml:33:13
	android:value
		ADDED from AndroidManifest.xml:34:13
activity#org.voidsink.anewjkuapp.activity.MainActivity
ADDED from AndroidManifest.xml:36:9
	android:screenOrientation
		ADDED from AndroidManifest.xml:40:13
	android:label
		ADDED from AndroidManifest.xml:38:13
	android:name
		ADDED from AndroidManifest.xml:37:13
	android:launchMode
		ADDED from AndroidManifest.xml:39:13
intent-filter#android.intent.action.MAIN+android.intent.category.LAUNCHER
ADDED from AndroidManifest.xml:41:13
action#android.intent.action.MAIN
ADDED from AndroidManifest.xml:42:17
	android:name
		ADDED from AndroidManifest.xml:42:25
category#android.intent.category.LAUNCHER
ADDED from AndroidManifest.xml:44:17
	android:name
		ADDED from AndroidManifest.xml:44:27
intent-filter#android.intent.action.SEARCH
ADDED from AndroidManifest.xml:46:13
action#android.intent.action.SEARCH
ADDED from AndroidManifest.xml:47:17
	android:name
		ADDED from AndroidManifest.xml:47:25
meta-data#android.app.searchable
ADDED from AndroidManifest.xml:50:13
	android:resource
		ADDED from AndroidManifest.xml:52:17
	android:name
		ADDED from AndroidManifest.xml:51:17
activity#org.voidsink.anewjkuapp.activity.SettingsActivity
ADDED from AndroidManifest.xml:54:9
	android:screenOrientation
		ADDED from AndroidManifest.xml:58:13
	android:permission
		ADDED from AndroidManifest.xml:56:13
	android:parentActivityName
		ADDED from AndroidManifest.xml:59:13
	android:name
		ADDED from AndroidManifest.xml:55:13
	android:launchMode
		ADDED from AndroidManifest.xml:57:13
meta-data#android.support.PARENT_ACTIVITY
ADDED from AndroidManifest.xml:62:13
	android:name
		ADDED from AndroidManifest.xml:63:17
	android:value
		ADDED from AndroidManifest.xml:64:17
intent-filter#android.intent.category.DEFAULT+org.voidsink.anewjkuapp.prefs.MAIN
ADDED from AndroidManifest.xml:67:13
action#org.voidsink.anewjkuapp.prefs.MAIN
ADDED from AndroidManifest.xml:68:17
	android:name
		ADDED from AndroidManifest.xml:68:25
category#android.intent.category.DEFAULT
ADDED from AndroidManifest.xml:70:17
	android:name
		ADDED from AndroidManifest.xml:70:27
activity#org.voidsink.anewjkuapp.activity.AboutActivity
ADDED from AndroidManifest.xml:73:9
	android:screenOrientation
		ADDED from AndroidManifest.xml:75:13
	android:parentActivityName
		ADDED from AndroidManifest.xml:76:13
	android:name
		ADDED from AndroidManifest.xml:74:13
activity#org.voidsink.anewjkuapp.activity.RssFeedEntryActivity
ADDED from AndroidManifest.xml:82:9
	android:screenOrientation
		ADDED from AndroidManifest.xml:84:13
	android:parentActivityName
		ADDED from AndroidManifest.xml:85:13
	android:name
		ADDED from AndroidManifest.xml:83:13
activity#org.voidsink.anewjkuapp.activity.KusssAuthenticatorActivity
ADDED from AndroidManifest.xml:91:9
	android:screenOrientation
		ADDED from AndroidManifest.xml:94:13
	android:permission
		ADDED from AndroidManifest.xml:93:13
	android:parentActivityName
		ADDED from AndroidManifest.xml:95:13
	android:name
		ADDED from AndroidManifest.xml:92:13
intent-filter#android.intent.category.DEFAULT+org.voidsink.anewjkuapp.prefs.LOGIN
ADDED from AndroidManifest.xml:103:13
action#org.voidsink.anewjkuapp.prefs.LOGIN
ADDED from AndroidManifest.xml:104:17
	android:name
		ADDED from AndroidManifest.xml:104:25
activity#org.voidsink.anewjkuapp.dashclock.MensaDashclockSettings
ADDED from AndroidManifest.xml:109:9
	android:label
		ADDED from AndroidManifest.xml:112:13
	android:exported
		ADDED from AndroidManifest.xml:111:13
	android:name
		ADDED from AndroidManifest.xml:110:13
service#org.voidsink.anewjkuapp.service.KusssService
ADDED from AndroidManifest.xml:114:9
	android:label
		ADDED from AndroidManifest.xml:117:13
	android:exported
		ADDED from AndroidManifest.xml:116:13
	android:name
		ADDED from AndroidManifest.xml:115:13
service#org.voidsink.anewjkuapp.service.KusssAuthenticatorService
ADDED from AndroidManifest.xml:118:9
	android:permission
		ADDED from AndroidManifest.xml:120:13
	android:name
		ADDED from AndroidManifest.xml:119:13
intent-filter#android.accounts.AccountAuthenticator
ADDED from AndroidManifest.xml:121:13
action#android.accounts.AccountAuthenticator
ADDED from AndroidManifest.xml:122:17
	android:name
		ADDED from AndroidManifest.xml:122:25
meta-data#android.accounts.AccountAuthenticator
ADDED from AndroidManifest.xml:125:13
	android:resource
		ADDED from AndroidManifest.xml:127:17
	android:name
		ADDED from AndroidManifest.xml:126:17
service#org.voidsink.anewjkuapp.service.KusssCalendarSyncService
ADDED from AndroidManifest.xml:129:9
	android:process
		ADDED from AndroidManifest.xml:132:13
	android:exported
		ADDED from AndroidManifest.xml:131:13
	android:name
		ADDED from AndroidManifest.xml:130:13
intent-filter#android.content.SyncAdapter
ADDED from AndroidManifest.xml:133:13
action#android.content.SyncAdapter
ADDED from AndroidManifest.xml:134:17
	android:name
		ADDED from AndroidManifest.xml:134:25
meta-data#android.content.SyncAdapter
ADDED from AndroidManifest.xml:137:13
	android:resource
		ADDED from AndroidManifest.xml:139:17
	android:name
		ADDED from AndroidManifest.xml:138:17
service#org.voidsink.anewjkuapp.service.KusssSyncService
ADDED from AndroidManifest.xml:141:9
	android:process
		ADDED from AndroidManifest.xml:144:13
	android:exported
		ADDED from AndroidManifest.xml:143:13
	android:name
		ADDED from AndroidManifest.xml:142:13
service#org.voidsink.anewjkuapp.dashclock.MensaDashclockExtension
ADDED from AndroidManifest.xml:153:9
	android:label
		ADDED from AndroidManifest.xml:156:13
	android:icon
		ADDED from AndroidManifest.xml:155:13
	android:permission
		ADDED from AndroidManifest.xml:157:13
	android:name
		ADDED from AndroidManifest.xml:154:13
intent-filter#com.google.android.apps.dashclock.Extension
ADDED from AndroidManifest.xml:158:13
action#com.google.android.apps.dashclock.Extension
ADDED from AndroidManifest.xml:159:17
	android:name
		ADDED from AndroidManifest.xml:159:25
meta-data#protocolVersion
ADDED from AndroidManifest.xml:162:13
	android:name
		ADDED from AndroidManifest.xml:163:17
	android:value
		ADDED from AndroidManifest.xml:164:17
meta-data#worldReadable
ADDED from AndroidManifest.xml:165:13
	android:name
		ADDED from AndroidManifest.xml:166:17
	android:value
		ADDED from AndroidManifest.xml:167:17
meta-data#description
ADDED from AndroidManifest.xml:168:13
	android:name
		ADDED from AndroidManifest.xml:169:17
	android:value
		ADDED from AndroidManifest.xml:170:17
meta-data#settingsActivity
ADDED from AndroidManifest.xml:172:13
	android:name
		ADDED from AndroidManifest.xml:173:17
	android:value
		ADDED from AndroidManifest.xml:174:17
provider#org.voidsink.anewjkuapp.provider.KusssContentProvider
ADDED from AndroidManifest.xml:177:9
	android:label
		ADDED from AndroidManifest.xml:181:13
	android:syncable
		ADDED from AndroidManifest.xml:182:13
	android:exported
		ADDED from AndroidManifest.xml:180:13
	android:authorities
		ADDED from AndroidManifest.xml:179:13
	android:name
		ADDED from AndroidManifest.xml:178:13
provider#org.voidsink.anewjkuapp.provider.PoiContentProvider
ADDED from AndroidManifest.xml:183:9
	android:exported
		ADDED from AndroidManifest.xml:186:13
	android:authorities
		ADDED from AndroidManifest.xml:185:13
	android:name
		ADDED from AndroidManifest.xml:184:13
uses-sdk
INJECTED from AndroidManifest.xml:0:0 reason: use-sdk injection requested
MERGED from de.cketti.library.changelog:ckchangelog:1.2.1:6:5
MERGED from com.android.support:support-v4:21.0.2:15:5
MERGED from com.android.support:appcompat-v7:21.0.2:15:5
MERGED from com.android.support:support-v4:21.0.2:15:5
MERGED from com.android.support:gridlayout-v7:21.0.2:15:5
MERGED from com.android.support:support-v4:21.0.2:15:5
MERGED from com.google.android.gms:play-services:6.5.87:18:5
MERGED from com.android.support:support-v4:21.0.2:15:5
MERGED from se.emilsjolander:stickylistheaders:2.5.2:7:5
MERGED from com.mikepenz.aboutlibraries:library:4.4.0:7:5
MERGED from com.android.support:cardview-v7:21.0.2:15:5
MERGED from com.android.support:recyclerview-v7:21.0.0:15:5
MERGED from com.android.support:support-v4:21.0.2:15:5
MERGED from com.android.support:support-v4:21.0.2:15:5
MERGED from com.android.support:appcompat-v7:21.0.2:15:5
MERGED from com.android.support:support-v4:21.0.2:15:5
MERGED from com.android.support:cardview-v7:21.0.2:15:5
MERGED from anewjkuapp:voidsinkContributors:unspecified:7:5
MERGED from com.android.support:android-support-v4-preferencefragment:1.0.0:20:5
MERGED from com.android.support:support-v4:21.0.2:15:5
	android:targetSdkVersion
		INJECTED from AndroidManifest.xml:0:0
		INJECTED from AndroidManifest.xml:0:0
	android:minSdkVersion
		INJECTED from AndroidManifest.xml:0:0
		INJECTED from AndroidManifest.xml:0:0
activity#com.mikepenz.aboutlibraries.ui.LibsActivity
ADDED from com.mikepenz.aboutlibraries:library:4.4.0:12:9
	android:name
		ADDED from com.mikepenz.aboutlibraries:library:4.4.0:12:19
activity#android.support.v7.widget.TestActivity
ADDED from com.android.support:recyclerview-v7:21.0.0:18:9
	android:label
		ADDED from com.android.support:recyclerview-v7:21.0.0:18:19
	android:name
		ADDED from com.android.support:recyclerview-v7:21.0.0:18:60